2023-06-09 10:27:36 => [Version] [INFO] HHH000412: Hibernate ORM core version 6.2.3.Final
2023-06-09 10:27:36 => [Environment] [INFO] HHH000406: Using bytecode reflection optimizer
2023-06-09 10:27:37 => [pooling] [WARN] HHH10001002: Using built-in connection pool (not intended for production use)
2023-06-09 10:27:37 => [pooling] [INFO] HHH10001005: Loaded JDBC driver class: com.mysql.cj.jdbc.Driver
2023-06-09 10:27:37 => [pooling] [INFO] HHH10001012: Connecting with JDBC URL [jdbc:mysql://localhost:3306/hb-01-one-to-one-uni?useSSL=false&serverTimezone=UTC]
2023-06-09 10:27:37 => [pooling] [INFO] HHH10001001: Connection properties: {password=****, user=hbstudent}
2023-06-09 10:27:37 => [pooling] [INFO] HHH10001003: Autocommit mode: false
2023-06-09 10:27:37 => [pooling] [INFO] HHH10001115: Connection pool size: 1 (min=1)
2023-06-09 10:27:38 => [BytecodeProviderInitiator] [INFO] HHH000021: Bytecode provider name : bytebuddy
2023-06-09 10:27:41 => [pooling] [INFO] HHH10001008: Cleaning up connection pool [jdbc:mysql://localhost:3306/hb-01-one-to-one-uni?useSSL=false&serverTimezone=UTC]
2023-06-09 10:33:13 => [Version] [INFO] HHH000412: Hibernate ORM core version 6.2.3.Final
2023-06-09 10:33:14 => [Environment] [INFO] HHH000406: Using bytecode reflection optimizer
2023-06-09 10:33:14 => [pooling] [WARN] HHH10001002: Using built-in connection pool (not intended for production use)
2023-06-09 10:33:14 => [pooling] [INFO] HHH10001005: Loaded JDBC driver class: com.mysql.cj.jdbc.Driver
2023-06-09 10:33:14 => [pooling] [INFO] HHH10001012: Connecting with JDBC URL [jdbc:mysql://localhost:3306/hb-01-one-to-one-uni?useSSL=false&serverTimezone=UTC]
2023-06-09 10:33:14 => [pooling] [INFO] HHH10001001: Connection properties: {password=****, user=hbstudent}
2023-06-09 10:33:14 => [pooling] [INFO] HHH10001003: Autocommit mode: false
2023-06-09 10:33:14 => [pooling] [INFO] HHH10001115: Connection pool size: 1 (min=1)
2023-06-09 10:33:15 => [BytecodeProviderInitiator] [INFO] HHH000021: Bytecode provider name : bytebuddy
2023-06-09 10:33:16 => [pooling] [INFO] HHH10001008: Cleaning up connection pool [jdbc:mysql://localhost:3306/hb-01-one-to-one-uni?useSSL=false&serverTimezone=UTC]
2023-06-09 10:33:54 => [Version] [INFO] HHH000412: Hibernate ORM core version 6.2.3.Final
2023-06-09 10:33:54 => [Environment] [INFO] HHH000406: Using bytecode reflection optimizer
2023-06-09 10:33:55 => [pooling] [WARN] HHH10001002: Using built-in connection pool (not intended for production use)
2023-06-09 10:33:55 => [pooling] [INFO] HHH10001005: Loaded JDBC driver class: com.mysql.cj.jdbc.Driver
2023-06-09 10:33:55 => [pooling] [INFO] HHH10001012: Connecting with JDBC URL [jdbc:mysql://localhost:3306/hb-01-one-to-one-uni?useSSL=false&serverTimezone=UTC]
2023-06-09 10:33:55 => [pooling] [INFO] HHH10001001: Connection properties: {password=****, user=hbstudent}
2023-06-09 10:33:55 => [pooling] [INFO] HHH10001003: Autocommit mode: false
2023-06-09 10:33:55 => [pooling] [INFO] HHH10001115: Connection pool size: 1 (min=1)
2023-06-09 10:33:55 => [BytecodeProviderInitiator] [INFO] HHH000021: Bytecode provider name : bytebuddy
2023-06-09 10:33:56 => [pooling] [INFO] HHH10001008: Cleaning up connection pool [jdbc:mysql://localhost:3306/hb-01-one-to-one-uni?useSSL=false&serverTimezone=UTC]
