2023-06-09 14:29:35 => [Version] [INFO] HHH000412: Hibernate ORM core version 6.2.3.Final
2023-06-09 14:29:35 => [Environment] [INFO] HHH000406: Using bytecode reflection optimizer
2023-06-09 14:29:37 => [pooling] [WARN] HHH10001002: Using built-in connection pool (not intended for production use)
2023-06-09 14:29:37 => [pooling] [INFO] HHH10001005: Loaded JDBC driver class: com.mysql.cj.jdbc.Driver
2023-06-09 14:29:37 => [pooling] [INFO] HHH10001012: Connecting with JDBC URL [jdbc:mysql://localhost:3306/hb-03-one-to-many?useSSL=false&serverTimezone=UTC]
2023-06-09 14:29:37 => [pooling] [INFO] HHH10001001: Connection properties: {password=****, user=hbstudent}
2023-06-09 14:29:37 => [pooling] [INFO] HHH10001003: Autocommit mode: false
2023-06-09 14:29:37 => [pooling] [INFO] HHH10001115: Connection pool size: 1 (min=1)
2023-06-09 14:29:39 => [BytecodeProviderInitiator] [INFO] HHH000021: Bytecode provider name : bytebuddy
2023-06-09 14:29:41 => [DeleteCourseDemo] [INFO] Course with id:  10 Course(id=10, title=Social Science: The ultimate Guide, instructor=Instructor [id=1, firstName=Ravi, lastName=Upadhyay, email=ravi@gmail.com, instructorDetail=InstructorDetail [id=1, youtubeChannel=http://www.youtube.com, hobby=Teaching]])
2023-06-09 14:29:42 => [DeleteCourseDemo] [INFO] Done!
2023-06-09 14:29:42 => [pooling] [INFO] HHH10001008: Cleaning up connection pool [jdbc:mysql://localhost:3306/hb-03-one-to-many?useSSL=false&serverTimezone=UTC]
2023-06-09 14:30:36 => [Version] [INFO] HHH000412: Hibernate ORM core version 6.2.3.Final
2023-06-09 14:30:36 => [Environment] [INFO] HHH000406: Using bytecode reflection optimizer
2023-06-09 14:30:36 => [pooling] [WARN] HHH10001002: Using built-in connection pool (not intended for production use)
2023-06-09 14:30:36 => [pooling] [INFO] HHH10001005: Loaded JDBC driver class: com.mysql.cj.jdbc.Driver
2023-06-09 14:30:36 => [pooling] [INFO] HHH10001012: Connecting with JDBC URL [jdbc:mysql://localhost:3306/hb-03-one-to-many?useSSL=false&serverTimezone=UTC]
2023-06-09 14:30:36 => [pooling] [INFO] HHH10001001: Connection properties: {password=****, user=hbstudent}
2023-06-09 14:30:36 => [pooling] [INFO] HHH10001003: Autocommit mode: false
2023-06-09 14:30:36 => [pooling] [INFO] HHH10001115: Connection pool size: 1 (min=1)
2023-06-09 14:30:37 => [BytecodeProviderInitiator] [INFO] HHH000021: Bytecode provider name : bytebuddy
2023-06-09 14:30:38 => [DeleteCourseDemo] [INFO] Course with id:  11 Course(id=11, title=Chemistry Masterclass, instructor=Instructor [id=1, firstName=Ravi, lastName=Upadhyay, email=ravi@gmail.com, instructorDetail=InstructorDetail [id=1, youtubeChannel=http://www.youtube.com, hobby=Teaching]])
2023-06-09 14:30:38 => [DeleteCourseDemo] [INFO] Done!
2023-06-09 14:30:38 => [pooling] [INFO] HHH10001008: Cleaning up connection pool [jdbc:mysql://localhost:3306/hb-03-one-to-many?useSSL=false&serverTimezone=UTC]
2023-06-09 14:30:52 => [Version] [INFO] HHH000412: Hibernate ORM core version 6.2.3.Final
2023-06-09 14:30:52 => [Environment] [INFO] HHH000406: Using bytecode reflection optimizer
2023-06-09 14:30:52 => [pooling] [WARN] HHH10001002: Using built-in connection pool (not intended for production use)
2023-06-09 14:30:52 => [pooling] [INFO] HHH10001005: Loaded JDBC driver class: com.mysql.cj.jdbc.Driver
2023-06-09 14:30:52 => [pooling] [INFO] HHH10001012: Connecting with JDBC URL [jdbc:mysql://localhost:3306/hb-03-one-to-many?useSSL=false&serverTimezone=UTC]
2023-06-09 14:30:52 => [pooling] [INFO] HHH10001001: Connection properties: {password=****, user=hbstudent}
2023-06-09 14:30:52 => [pooling] [INFO] HHH10001003: Autocommit mode: false
2023-06-09 14:30:52 => [pooling] [INFO] HHH10001115: Connection pool size: 1 (min=1)
2023-06-09 14:30:53 => [BytecodeProviderInitiator] [INFO] HHH000021: Bytecode provider name : bytebuddy
2023-06-09 14:30:54 => [CreateCoursesDemo] [INFO] Done!
2023-06-09 14:30:54 => [pooling] [INFO] HHH10001008: Cleaning up connection pool [jdbc:mysql://localhost:3306/hb-03-one-to-many?useSSL=false&serverTimezone=UTC]
2023-06-09 14:32:12 => [Version] [INFO] HHH000412: Hibernate ORM core version 6.2.3.Final
2023-06-09 14:32:12 => [Environment] [INFO] HHH000406: Using bytecode reflection optimizer
2023-06-09 14:32:14 => [pooling] [WARN] HHH10001002: Using built-in connection pool (not intended for production use)
2023-06-09 14:32:14 => [pooling] [INFO] HHH10001005: Loaded JDBC driver class: com.mysql.cj.jdbc.Driver
2023-06-09 14:32:14 => [pooling] [INFO] HHH10001012: Connecting with JDBC URL [jdbc:mysql://localhost:3306/hb-03-one-to-many?useSSL=false&serverTimezone=UTC]
2023-06-09 14:32:14 => [pooling] [INFO] HHH10001001: Connection properties: {password=****, user=hbstudent}
2023-06-09 14:32:14 => [pooling] [INFO] HHH10001003: Autocommit mode: false
2023-06-09 14:32:14 => [pooling] [INFO] HHH10001115: Connection pool size: 1 (min=1)
2023-06-09 14:32:15 => [pooling] [INFO] HHH10001008: Cleaning up connection pool [jdbc:mysql://localhost:3306/hb-03-one-to-many?useSSL=false&serverTimezone=UTC]
2023-06-09 14:33:12 => [Version] [INFO] HHH000412: Hibernate ORM core version 6.2.3.Final
2023-06-09 14:33:12 => [Environment] [INFO] HHH000406: Using bytecode reflection optimizer
2023-06-09 14:33:13 => [pooling] [WARN] HHH10001002: Using built-in connection pool (not intended for production use)
2023-06-09 14:33:14 => [pooling] [INFO] HHH10001005: Loaded JDBC driver class: com.mysql.cj.jdbc.Driver
2023-06-09 14:33:14 => [pooling] [INFO] HHH10001012: Connecting with JDBC URL [jdbc:mysql://localhost:3306/hb-03-one-to-many?useSSL=false&serverTimezone=UTC]
2023-06-09 14:33:14 => [pooling] [INFO] HHH10001001: Connection properties: {password=****, user=hbstudent}
2023-06-09 14:33:14 => [pooling] [INFO] HHH10001003: Autocommit mode: false
2023-06-09 14:33:14 => [pooling] [INFO] HHH10001115: Connection pool size: 1 (min=1)
2023-06-09 14:33:15 => [pooling] [INFO] HHH10001008: Cleaning up connection pool [jdbc:mysql://localhost:3306/hb-03-one-to-many?useSSL=false&serverTimezone=UTC]
2023-06-09 14:34:22 => [Version] [INFO] HHH000412: Hibernate ORM core version 6.2.3.Final
2023-06-09 14:34:22 => [Environment] [INFO] HHH000406: Using bytecode reflection optimizer
2023-06-09 14:34:23 => [pooling] [WARN] HHH10001002: Using built-in connection pool (not intended for production use)
2023-06-09 14:34:23 => [pooling] [INFO] HHH10001005: Loaded JDBC driver class: com.mysql.cj.jdbc.Driver
2023-06-09 14:34:23 => [pooling] [INFO] HHH10001012: Connecting with JDBC URL [jdbc:mysql://localhost:3306/hb-03-one-to-many?useSSL=false&serverTimezone=UTC]
2023-06-09 14:34:23 => [pooling] [INFO] HHH10001001: Connection properties: {password=****, user=hbstudent}
2023-06-09 14:34:23 => [pooling] [INFO] HHH10001003: Autocommit mode: false
2023-06-09 14:34:23 => [pooling] [INFO] HHH10001115: Connection pool size: 1 (min=1)
2023-06-09 14:34:23 => [pooling] [INFO] HHH10001008: Cleaning up connection pool [jdbc:mysql://localhost:3306/hb-03-one-to-many?useSSL=false&serverTimezone=UTC]
